{"C:\\Users\\3050ti\\Desktop\\Coding-Camp\\8th.Assignment\\src\\repositories\\menu.repository.js": {"path":"C:\\Users\\3050ti\\Desktop\\Coding-Camp\\8th.Assignment\\src\\repositories\\menu.repository.js","statementMap":{"0":{"start":{"line":3,"column":4},"end":{"line":3,"column":33}},"1":{"start":{"line":7,"column":15},"end":{"line":21,"column":3}},"2":{"start":{"line":8,"column":17},"end":{"line":14,"column":5}},"3":{"start":{"line":16,"column":4},"end":{"line":16,"column":61}},"4":{"start":{"line":18,"column":4},"end":{"line":20,"column":6}},"5":{"start":{"line":23,"column":16},"end":{"line":36,"column":3}},"6":{"start":{"line":24,"column":20},"end":{"line":33,"column":6}},"7":{"start":{"line":35,"column":4},"end":{"line":35,"column":19}},"8":{"start":{"line":37,"column":13},"end":{"line":52,"column":3}},"9":{"start":{"line":38,"column":17},"end":{"line":49,"column":6}},"10":{"start":{"line":51,"column":4},"end":{"line":51,"column":16}},"11":{"start":{"line":54,"column":19},"end":{"line":63,"column":3}},"12":{"start":{"line":55,"column":23},"end":{"line":60,"column":6}},"13":{"start":{"line":62,"column":4},"end":{"line":62,"column":22}},"14":{"start":{"line":66,"column":15},"end":{"line":84,"column":3}},"15":{"start":{"line":67,"column":17},"end":{"line":72,"column":5}},"16":{"start":{"line":73,"column":24},"end":{"line":79,"column":5}},"17":{"start":{"line":81,"column":4},"end":{"line":83,"column":6}},"18":{"start":{"line":86,"column":15},"end":{"line":94,"column":3}},"19":{"start":{"line":87,"column":4},"end":{"line":91,"column":7}},"20":{"start":{"line":93,"column":4},"end":{"line":93,"column":35}}},"fnMap":{"0":{"name":"(anonymous_0)","decl":{"start":{"line":2,"column":2},"end":{"line":2,"column":3}},"loc":{"start":{"line":2,"column":26},"end":{"line":4,"column":3}},"line":2},"1":{"name":"(anonymous_1)","decl":{"start":{"line":7,"column":15},"end":{"line":7,"column":16}},"loc":{"start":{"line":7,"column":64},"end":{"line":21,"column":3}},"line":7},"2":{"name":"(anonymous_2)","decl":{"start":{"line":23,"column":16},"end":{"line":23,"column":17}},"loc":{"start":{"line":23,"column":35},"end":{"line":36,"column":3}},"line":23},"3":{"name":"(anonymous_3)","decl":{"start":{"line":37,"column":13},"end":{"line":37,"column":14}},"loc":{"start":{"line":37,"column":38},"end":{"line":52,"column":3}},"line":37},"4":{"name":"(anonymous_4)","decl":{"start":{"line":54,"column":19},"end":{"line":54,"column":20}},"loc":{"start":{"line":54,"column":45},"end":{"line":63,"column":3}},"line":54},"5":{"name":"(anonymous_5)","decl":{"start":{"line":66,"column":15},"end":{"line":66,"column":16}},"loc":{"start":{"line":66,"column":72},"end":{"line":84,"column":3}},"line":66},"6":{"name":"(anonymous_6)","decl":{"start":{"line":86,"column":15},"end":{"line":86,"column":16}},"loc":{"start":{"line":86,"column":48},"end":{"line":94,"column":3}},"line":86}},"branchMap":{},"s":{"0":1,"1":1,"2":1,"3":1,"4":1,"5":1,"6":1,"7":1,"8":1,"9":1,"10":1,"11":1,"12":1,"13":1,"14":1,"15":2,"16":2,"17":2,"18":1,"19":1,"20":1},"f":{"0":1,"1":1,"2":1,"3":1,"4":1,"5":2,"6":1},"b":{},"_coverageSchema":"1a1c01bbd47fc00a2c39e90264f33305004495a9","hash":"6d48dbde5d26de83905cc1e70538d1b34443856c"}
}
