{"C:\\Users\\3050ti\\Desktop\\Coding-Camp\\8th.Assignment\\src\\repositories\\restaurant.repository.js": {"path":"C:\\Users\\3050ti\\Desktop\\Coding-Camp\\8th.Assignment\\src\\repositories\\restaurant.repository.js","statementMap":{"0":{"start":{"line":3,"column":4},"end":{"line":3,"column":33}},"1":{"start":{"line":7,"column":21},"end":{"line":22,"column":3}},"2":{"start":{"line":8,"column":17},"end":{"line":14,"column":5}},"3":{"start":{"line":16,"column":4},"end":{"line":16,"column":67}},"4":{"start":{"line":18,"column":4},"end":{"line":21,"column":6}},"5":{"start":{"line":24,"column":22},"end":{"line":37,"column":3}},"6":{"start":{"line":25,"column":26},"end":{"line":34,"column":8}},"7":{"start":{"line":36,"column":4},"end":{"line":36,"column":25}},"8":{"start":{"line":38,"column":19},"end":{"line":56,"column":3}},"9":{"start":{"line":39,"column":23},"end":{"line":53,"column":8}},"10":{"start":{"line":55,"column":4},"end":{"line":55,"column":22}},"11":{"start":{"line":58,"column":21},"end":{"line":76,"column":3}},"12":{"start":{"line":59,"column":17},"end":{"line":61,"column":5}},"13":{"start":{"line":62,"column":30},"end":{"line":71,"column":7}},"14":{"start":{"line":73,"column":4},"end":{"line":75,"column":6}},"15":{"start":{"line":78,"column":21},"end":{"line":86,"column":3}},"16":{"start":{"line":79,"column":4},"end":{"line":83,"column":7}},"17":{"start":{"line":85,"column":4},"end":{"line":85,"column":35}}},"fnMap":{"0":{"name":"(anonymous_0)","decl":{"start":{"line":2,"column":2},"end":{"line":2,"column":3}},"loc":{"start":{"line":2,"column":26},"end":{"line":4,"column":3}},"line":2},"1":{"name":"(anonymous_1)","decl":{"start":{"line":7,"column":21},"end":{"line":7,"column":22}},"loc":{"start":{"line":7,"column":69},"end":{"line":22,"column":3}},"line":7},"2":{"name":"(anonymous_2)","decl":{"start":{"line":24,"column":22},"end":{"line":24,"column":23}},"loc":{"start":{"line":24,"column":38},"end":{"line":37,"column":3}},"line":24},"3":{"name":"(anonymous_3)","decl":{"start":{"line":38,"column":19},"end":{"line":38,"column":20}},"loc":{"start":{"line":38,"column":35},"end":{"line":56,"column":3}},"line":38},"4":{"name":"(anonymous_4)","decl":{"start":{"line":58,"column":21},"end":{"line":58,"column":22}},"loc":{"start":{"line":58,"column":61},"end":{"line":76,"column":3}},"line":58},"5":{"name":"(anonymous_5)","decl":{"start":{"line":78,"column":21},"end":{"line":78,"column":22}},"loc":{"start":{"line":78,"column":52},"end":{"line":86,"column":3}},"line":78}},"branchMap":{},"s":{"0":1,"1":1,"2":2,"3":2,"4":2,"5":1,"6":0,"7":0,"8":1,"9":0,"10":0,"11":1,"12":0,"13":0,"14":0,"15":1,"16":0,"17":0},"f":{"0":1,"1":2,"2":0,"3":0,"4":0,"5":0},"b":{},"_coverageSchema":"1a1c01bbd47fc00a2c39e90264f33305004495a9","hash":"fd61ab08b147ea792945f71eccc7860ae36847b2"}
}
