TN:
SF:src\repositories\menu.repository.js
FN:2,(anonymous_0)
FN:7,(anonymous_1)
FN:23,(anonymous_2)
FN:37,(anonymous_3)
FN:54,(anonymous_4)
FN:66,(anonymous_5)
FN:86,(anonymous_6)
FNF:7
FNH:7
FNDA:1,(anonymous_0)
FNDA:1,(anonymous_1)
FNDA:1,(anonymous_2)
FNDA:1,(anonymous_3)
FNDA:1,(anonymous_4)
FNDA:2,(anonymous_5)
FNDA:1,(anonymous_6)
DA:3,1
DA:7,1
DA:8,1
DA:16,1
DA:18,1
DA:23,1
DA:24,1
DA:35,1
DA:37,1
DA:38,1
DA:51,1
DA:54,1
DA:55,1
DA:62,1
DA:66,1
DA:67,2
DA:73,2
DA:81,2
DA:86,1
DA:87,1
DA:93,1
LF:21
LH:21
BRF:0
BRH:0
end_of_record
